c:\users\aquiline\documents\visual studio 2017\projects\gmp3\gmp3\debug\vc141.pdb
c:\users\aquiline\documents\visual studio 2017\projects\gmp3\gmp3\debug\myform.obj
c:\users\aquiline\documents\visual studio 2017\projects\gmp3\gmp3\debug\myform2.obj
c:\users\aquiline\documents\visual studio 2017\projects\gmp3project\gmp3\gmp3\debug\vc141.pdb
c:\users\aquiline\documents\visual studio 2017\projects\gmp3project\gmp3\gmp3\debug\interfacemp3.obj
c:\users\aquiline\documents\visual studio 2017\projects\gmp3project\gmp3\gmp3\debug\.netframework,version=v4.5.assemblyattributes.obj
c:\users\aquiline\documents\visual studio 2017\projects\gmp3project\gmp3\gmp3\debug\.netframework,version=v4.5.assemblyattributes.asm
c:\users\aquiline\documents\visual studio 2017\projects\gmp3\gmp3\debug\gmp3.interfacemp3.resources
c:\users\aquiline\documents\visual studio 2017\projects\gmp3project\gmp3\gmp3\debug\gmp3.interfacemp3.resources
c:\users\aquiline\documents\visual studio 2017\projects\gmp3\debug\gmp3.exe
c:\users\aquiline\documents\visual studio 2017\projects\gmp3\debug\gmp3.pdb
c:\users\aquiline\documents\visual studio 2017\projects\gmp3project\gmp3\debug\gmp3.exe
c:\users\aquiline\documents\visual studio 2017\projects\gmp3project\gmp3\debug\gmp3.pdb
c:\users\aquiline\documents\visual studio 2017\projects\gmp3project\gmp3\gmp3\debug\gmp3.vcxproj.generateresource.cache
c:\users\aquiline\documents\visual studio 2017\projects\gmp3project\gmp3\gmp3\debug\gmp3.vcxprojresolveassemblyreference.cache
c:\users\aquiline\documents\visual studio 2017\projects\gmp3project\gmp3\gmp3\debug\myform.obj
c:\users\aquiline\documents\visual studio 2017\projects\gmp3project\gmp3\gmp3\debug\myform2.obj
c:\users\aquiline\documents\visual studio 2017\projects\gmp3project\gmp3\gmp3\debug\gmp3.tlog\cl.command.1.tlog
c:\users\aquiline\documents\visual studio 2017\projects\gmp3project\gmp3\gmp3\debug\gmp3.tlog\cl.read.1.tlog
c:\users\aquiline\documents\visual studio 2017\projects\gmp3project\gmp3\gmp3\debug\gmp3.tlog\cl.write.1.tlog
c:\users\aquiline\documents\visual studio 2017\projects\gmp3project\gmp3\gmp3\debug\gmp3.tlog\gmp3.write.1u.tlog
c:\users\aquiline\documents\visual studio 2017\projects\gmp3project\gmp3\gmp3\debug\gmp3.tlog\link.command.1.tlog
c:\users\aquiline\documents\visual studio 2017\projects\gmp3project\gmp3\gmp3\debug\gmp3.tlog\link.read.1.tlog
c:\users\aquiline\documents\visual studio 2017\projects\gmp3project\gmp3\gmp3\debug\gmp3.tlog\link.write.1.tlog
c:\users\aquiline\documents\visual studio 2017\projects\gmp3project\gmp3\gmp3\debug\gmp3.tlog\metagen.read.1.tlog
c:\users\aquiline\documents\visual studio 2017\projects\gmp3project\gmp3\gmp3\debug\gmp3.tlog\metagen.write.1.tlog
c:\users\aquiline\documents\visual studio 2017\projects\gmp3project\gmp3\gmp3\debug\gmp3.tlog\rsaenh.dll.bi
c:\users\aquiline\documents\visual studio 2017\projects\gmp3project\gmp3\gmp3\debug\gmp3.tlog\tzres.dll.bi
